#
# There is insufficient memory for the Java Runtime Environment to continue.
# Native memory allocation (mmap) failed to map 64487424 bytes for committing reserved memory.
# Possible reasons:
#   The system is out of physical RAM or swap space
#   In 32 bit mode, the process size limit was hit
# Possible solutions:
#   Reduce memory load on the system
#   Increase physical memory or swap space
#   Check if swap backing store is full
#   Use 64 bit Java on a 64 bit OS
#   Decrease Java heap size (-Xmx/-Xms)
#   Decrease number of Java threads
#   Decrease Java thread stack sizes (-Xss)
#   Set larger code cache with -XX:ReservedCodeCacheSize=
# This output file may be truncated or incomplete.
#
#  Out of Memory Error (os_linux.cpp:2640), pid=25974, tid=0x00007fefb07f7700
#
# JRE version: OpenJDK Runtime Environment (8.0_152) (build 1.8.0_152-release-1343-b16-5323222)
# Java VM: OpenJDK 64-Bit Server VM (25.152-b16-5323222 mixed mode linux-amd64 compressed oops)
# Failed to write core dump. Core dumps have been disabled. To enable core dumping, try "ulimit -c unlimited" before starting Java again
#

---------------  T H R E A D  ---------------

Current thread (0x00007fefc0084000):  VMThread [stack: 0x00007fefb06f8000,0x00007fefb07f8000] [id=25986]

Stack: [0x00007fefb06f8000,0x00007fefb07f8000],  sp=0x00007fefb07f64e0,  free space=1017k
Native frames: (J=compiled Java code, j=interpreted, Vv=VM code, C=native code)
V  [libjvm.so+0x9ffc88]  VMError::report_and_die()+0x148
V  [libjvm.so+0x4ce9aa]  report_vm_out_of_memory(char const*, int, unsigned long, VMErrorType, char const*)+0x8a
V  [libjvm.so+0x8673d8]  os::pd_commit_memory(char*, unsigned long, unsigned long, bool)+0xd8
V  [libjvm.so+0x86201f]  os::commit_memory(char*, unsigned long, unsigned long, bool)+0x1f
V  [libjvm.so+0x8d839b]  PSVirtualSpace::expand_by(unsigned long)+0x5b
V  [libjvm.so+0x8c91fb]  PSOldGen::expand_by(unsigned long) [clone .part.109]+0x1b
V  [libjvm.so+0x8c93bb]  PSOldGen::expand(unsigned long) [clone .part.111]+0xdb
V  [libjvm.so+0x8c9c98]  PSOldGen::resize(unsigned long)+0x188
V  [libjvm.so+0x8cf27c]  PSParallelCompact::invoke_no_policy(bool)+0x94c
V  [libjvm.so+0x8cf579]  PSParallelCompact::invoke(bool)+0x59
V  [libjvm.so+0x45e9e3]  CollectedHeap::collect_as_vm_thread(GCCause::Cause)+0x143
V  [libjvm.so+0xa010a1]  VM_CollectForMetadataAllocation::doit()+0x141
V  [libjvm.so+0xa05bf7]  VM_Operation::evaluate()+0x47
V  [libjvm.so+0xa04658]  VMThread::evaluate_operation(VM_Operation*)+0x2c8
V  [libjvm.so+0xa04ab1]  VMThread::loop()+0x1f1
V  [libjvm.so+0xa04ee2]  VMThread::run()+0x72
V  [libjvm.so+0x864822]  java_start(Thread*)+0xf2

VM_Operation (0x00007fefc9a16790): CollectForMetadataAllocation, mode: safepoint, requested by thread 0x00007fefc000e000


---------------  P R O C E S S  ---------------

Java Threads: ( => current thread )
  0x00007fefc00d0000 JavaThread "Service Thread" daemon [_thread_blocked, id=26008, stack(0x00007fef9018e000,0x00007fef9028f000)]
  0x00007fefc00cc800 JavaThread "C1 CompilerThread3" daemon [_thread_blocked, id=26007, stack(0x00007fef90290000,0x00007fef90390000)]
  0x00007fefc00ca800 JavaThread "C2 CompilerThread2" daemon [_thread_blocked, id=26006, stack(0x00007fefb00f2000,0x00007fefb01f2000)]
  0x00007fefc00c8800 JavaThread "C2 CompilerThread1" daemon [_thread_blocked, id=26005, stack(0x00007fefb01f3000,0x00007fefb02f3000)]
  0x00007fefc00c6000 JavaThread "C2 CompilerThread0" daemon [_thread_blocked, id=26004, stack(0x00007fefb02f4000,0x00007fefb03f4000)]
  0x00007fefc00c4000 JavaThread "Signal Dispatcher" daemon [_thread_blocked, id=26003, stack(0x00007fefb03f4000,0x00007fefb04f5000)]
  0x00007fefc0090000 JavaThread "Finalizer" daemon [_thread_blocked, id=25988, stack(0x00007fefb04f5000,0x00007fefb05f6000)]
  0x00007fefc008b800 JavaThread "Reference Handler" daemon [_thread_blocked, id=25987, stack(0x00007fefb05f6000,0x00007fefb06f7000)]
  0x00007fefc000e000 JavaThread "main" [_thread_blocked, id=25977, stack(0x00007fefc991c000,0x00007fefc9a1c000)]

Other Threads:
=>0x00007fefc0084000 VMThread [stack: 0x00007fefb06f8000,0x00007fefb07f8000] [id=25986]
  0x00007fefc00d2800 WatcherThread [stack: 0x00007fef9008e000,0x00007fef9018e000] [id=26009]

VM state:at safepoint (normal execution)

VM Mutex/Monitor currently owned by a thread:  ([mutex/lock_event])
[0x00007fefc000a3f0] ExpandHeap_lock - owner thread: 0x00007fefc0084000
[0x00007fefc000aa70] Threads_lock - owner thread: 0x00007fefc0084000
[0x00007fefc000af70] Heap_lock - owner thread: 0x00007fefc000e000

Heap:
 PSYoungGen      total 208896K, used 0K [0x00000000d7b80000, 0x00000000e8380000, 0x0000000100000000)
  eden space 175104K, 0% used [0x00000000d7b80000,0x00000000d7b80000,0x00000000e2680000)
  from space 33792K, 0% used [0x00000000e4b80000,0x00000000e4b80000,0x00000000e6c80000)
  to   space 37888K, 0% used [0x00000000e2680000,0x00000000e2680000,0x00000000e4b80000)
 ParOldGen       total 105984K, used 49037K [0x0000000087200000, 0x000000008d980000, 0x00000000d7b80000)
  object space 105984K, 46% used [0x0000000087200000,0x000000008a1e3450,0x000000008d980000)
 Metaspace       used 57681K, capacity 58759K, committed 59008K, reserved 1101824K
  class space    used 6919K, capacity 7242K, committed 7296K, reserved 1048576K

Card table byte_map: [0x00007fefc6d7b000,0x00007fefc7143000] byte_map_base: 0x00007fefc6942000

Marking Bits: (ParMarkBitMap*) 0x00007fefc8fe7f00
 Begin Bits: [0x00007fef90390000, 0x00007fef921c8000)
 End Bits:   [0x00007fef921c8000, 0x00007fef94000000)

Polling page: 0x00007fefc9a42000

CodeCache: size=245760Kb used=26560Kb max_used=26590Kb free=219199Kb
 bounds [0x00007fefb1000000, 0x00007fefb2a20000, 0x00007fefc0000000]
 total_blobs=8441 nmethods=7941 adapters=411
 compilation: enabled

Compilation events (10 events):
Event: 9,358 Thread 0x00007fefc00cc800 nmethod 9150 0x00007fefb19961d0 code [0x00007fefb1996360, 0x00007fefb19966e8]
Event: 9,358 Thread 0x00007fefc00cc800 9151       3       org.jetbrains.org.objectweb.asm.tree.analysis.Interpreter::newExceptionValue (6 bytes)
Event: 9,358 Thread 0x00007fefc00cc800 nmethod 9151 0x00007fefb1995d90 code [0x00007fefb1995f00, 0x00007fefb1996108]
Event: 9,362 Thread 0x00007fefc00cc800 9152       3       org.jetbrains.kotlin.codegen.optimization.nullCheck.RedundantNullCheckMethodTransformerKt::isCheckExpressionValueIsNotNull (184 bytes)
Event: 9,362 Thread 0x00007fefc00ca800 nmethod 9149 0x00007fefb1992310 code [0x00007fefb1992480, 0x00007fefb1992998]
Event: 9,363 Thread 0x00007fefc00cc800 nmethod 9152 0x00007fefb1994c50 code [0x00007fefb1994e60, 0x00007fefb1995918]
Event: 9,363 Thread 0x00007fefc00cc800 9153       3       org.jetbrains.org.objectweb.asm.tree.InsnList$InsnListIterator::hasNext (13 bytes)
Event: 9,363 Thread 0x00007fefc00cc800 nmethod 9153 0x00007fefb1994890 code [0x00007fefb1994a00, 0x00007fefb1994bb0]
Event: 9,363 Thread 0x00007fefc00cc800 9154       3       org.jetbrains.org.objectweb.asm.tree.InsnList$InsnListIterator::next (40 bytes)
Event: 9,363 Thread 0x00007fefc00cc800 nmethod 9154 0x00007fefb1994390 code [0x00007fefb1994500, 0x00007fefb1994788]

GC Heap History (10 events):
Event: 3,466 GC heap after
Heap after GC invocations=6 (full 1):
 PSYoungGen      total 130048K, used 5096K [0x00000000d7b80000, 0x00000000e2300000, 0x0000000100000000)
  eden space 124928K, 0% used [0x00000000d7b80000,0x00000000d7b80000,0x00000000df580000)
  from space 5120K, 99% used [0x00000000df580000,0x00000000dfa7a118,0x00000000dfa80000)
  to   space 15872K, 0% used [0x00000000e1380000,0x00000000e1380000,0x00000000e2300000)
 ParOldGen       total 60416K, used 25625K [0x0000000087200000, 0x000000008ad00000, 0x00000000d7b80000)
  object space 60416K, 42% used [0x0000000087200000,0x0000000088b06680,0x000000008ad00000)
 Metaspace       used 34547K, capacity 35059K, committed 35416K, reserved 1081344K
  class space    used 4362K, capacity 4504K, committed 4608K, reserved 1048576K
}
Event: 3,466 GC heap before
{Heap before GC invocations=7 (full 2):
 PSYoungGen      total 130048K, used 5096K [0x00000000d7b80000, 0x00000000e2300000, 0x0000000100000000)
  eden space 124928K, 0% used [0x00000000d7b80000,0x00000000d7b80000,0x00000000df580000)
  from space 5120K, 99% used [0x00000000df580000,0x00000000dfa7a118,0x00000000dfa80000)
  to   space 15872K, 0% used [0x00000000e1380000,0x00000000e1380000,0x00000000e2300000)
 ParOldGen       total 60416K, used 25625K [0x0000000087200000, 0x000000008ad00000, 0x00000000d7b80000)
  object space 60416K, 42% used [0x0000000087200000,0x0000000088b06680,0x000000008ad00000)
 Metaspace       used 34547K, capacity 35059K, committed 35416K, reserved 1081344K
  class space    used 4362K, capacity 4504K, committed 4608K, reserved 1048576K
Event: 3,533 GC heap after
Heap after GC invocations=7 (full 2):
 PSYoungGen      total 130048K, used 0K [0x00000000d7b80000, 0x00000000e2300000, 0x0000000100000000)
  eden space 124928K, 0% used [0x00000000d7b80000,0x00000000d7b80000,0x00000000df580000)
  from space 5120K, 0% used [0x00000000df580000,0x00000000df580000,0x00000000dfa80000)
  to   space 15872K, 0% used [0x00000000e1380000,0x00000000e1380000,0x00000000e2300000)
 ParOldGen       total 105984K, used 18886K [0x0000000087200000, 0x000000008d980000, 0x00000000d7b80000)
  object space 105984K, 17% used [0x0000000087200000,0x0000000088471bd0,0x000000008d980000)
 Metaspace       used 34547K, capacity 35059K, committed 35416K, reserved 1081344K
  class space    used 4362K, capacity 4504K, committed 4608K, reserved 1048576K
}
Event: 5,400 GC heap before
{Heap before GC invocations=8 (full 2):
 PSYoungGen      total 130048K, used 124453K [0x00000000d7b80000, 0x00000000e2300000, 0x0000000100000000)
  eden space 124928K, 99% used [0x00000000d7b80000,0x00000000df5097a8,0x00000000df580000)
  from space 5120K, 0% used [0x00000000df580000,0x00000000df580000,0x00000000dfa80000)
  to   space 15872K, 0% used [0x00000000e1380000,0x00000000e1380000,0x00000000e2300000)
 ParOldGen       total 105984K, used 18886K [0x0000000087200000, 0x000000008d980000, 0x00000000d7b80000)
  object space 105984K, 17% used [0x0000000087200000,0x0000000088471bd0,0x000000008d980000)
 Metaspace       used 42805K, capacity 43497K, committed 43776K, reserved 1087488K
  class space    used 5213K, capacity 5365K, committed 5376K, reserved 1048576K
Event: 5,424 GC heap after
Heap after GC invocations=8 (full 2):
 PSYoungGen      total 147968K, used 15855K [0x00000000d7b80000, 0x00000000e5200000, 0x0000000100000000)
  eden space 132096K, 0% used [0x00000000d7b80000,0x00000000d7b80000,0x00000000dfc80000)
  from space 15872K, 99% used [0x00000000e1380000,0x00000000e22fbe18,0x00000000e2300000)
  to   space 23552K, 0% used [0x00000000dfc80000,0x00000000dfc80000,0x00000000e1380000)
 ParOldGen       total 105984K, used 28301K [0x0000000087200000, 0x000000008d980000, 0x00000000d7b80000)
  object space 105984K, 26% used [0x0000000087200000,0x0000000088da34d0,0x000000008d980000)
 Metaspace       used 42805K, capacity 43497K, committed 43776K, reserved 1087488K
  class space    used 5213K, capacity 5365K, committed 5376K, reserved 1048576K
}
Event: 8,625 GC heap before
{Heap before GC invocations=9 (full 2):
 PSYoungGen      total 147968K, used 147951K [0x00000000d7b80000, 0x00000000e5200000, 0x0000000100000000)
  eden space 132096K, 100% used [0x00000000d7b80000,0x00000000dfc80000,0x00000000dfc80000)
  from space 15872K, 99% used [0x00000000e1380000,0x00000000e22fbe18,0x00000000e2300000)
  to   space 23552K, 0% used [0x00000000dfc80000,0x00000000dfc80000,0x00000000e1380000)
 ParOldGen       total 105984K, used 28301K [0x0000000087200000, 0x000000008d980000, 0x00000000d7b80000)
  object space 105984K, 26% used [0x0000000087200000,0x0000000088da34d0,0x000000008d980000)
 Metaspace       used 52718K, capacity 53709K, committed 54144K, reserved 1097728K
  class space    used 6396K, capacity 6675K, committed 6784K, reserved 1048576K
Event: 8,661 GC heap after
Heap after GC invocations=9 (full 2):
 PSYoungGen      total 155648K, used 23527K [0x00000000d7b80000, 0x00000000e6c80000, 0x0000000100000000)
  eden space 132096K, 0% used [0x00000000d7b80000,0x00000000d7b80000,0x00000000dfc80000)
  from space 23552K, 99% used [0x00000000dfc80000,0x00000000e1379f10,0x00000000e1380000)
  to   space 33792K, 0% used [0x00000000e4b80000,0x00000000e4b80000,0x00000000e6c80000)
 ParOldGen       total 105984K, used 41257K [0x0000000087200000, 0x000000008d980000, 0x00000000d7b80000)
  object space 105984K, 38% used [0x0000000087200000,0x0000000089a4a6b8,0x000000008d980000)
 Metaspace       used 52718K, capacity 53709K, committed 54144K, reserved 1097728K
  class space    used 6396K, capacity 6675K, committed 6784K, reserved 1048576K
}
Event: 9,364 GC heap before
{Heap before GC invocations=10 (full 2):
 PSYoungGen      total 155648K, used 54951K [0x00000000d7b80000, 0x00000000e6c80000, 0x0000000100000000)
  eden space 132096K, 23% used [0x00000000d7b80000,0x00000000d9a2ffc8,0x00000000dfc80000)
  from space 23552K, 99% used [0x00000000dfc80000,0x00000000e1379f10,0x00000000e1380000)
  to   space 33792K, 0% used [0x00000000e4b80000,0x00000000e4b80000,0x00000000e6c80000)
 ParOldGen       total 105984K, used 41257K [0x0000000087200000, 0x000000008d980000, 0x00000000d7b80000)
  object space 105984K, 38% used [0x0000000087200000,0x0000000089a4a6b8,0x000000008d980000)
 Metaspace       used 57681K, capacity 58759K, committed 59008K, reserved 1101824K
  class space    used 6919K, capacity 7242K, committed 7296K, reserved 1048576K
Event: 9,409 GC heap after
Heap after GC invocations=10 (full 2):
 PSYoungGen      total 208896K, used 29758K [0x00000000d7b80000, 0x00000000e8380000, 0x0000000100000000)
  eden space 175104K, 0% used [0x00000000d7b80000,0x00000000d7b80000,0x00000000e2680000)
  from space 33792K, 88% used [0x00000000e4b80000,0x00000000e688f8d8,0x00000000e6c80000)
  to   space 37888K, 0% used [0x00000000e2680000,0x00000000e2680000,0x00000000e4b80000)
 ParOldGen       total 105984K, used 41265K [0x0000000087200000, 0x000000008d980000, 0x00000000d7b80000)
  object space 105984K, 38% used [0x0000000087200000,0x0000000089a4c6b8,0x000000008d980000)
 Metaspace       used 57681K, capacity 58759K, committed 59008K, reserved 1101824K
  class space    used 6919K, capacity 7242K, committed 7296K, reserved 1048576K
}
Event: 9,412 GC heap before
{Heap before GC invocations=11 (full 3):
 PSYoungGen      total 208896K, used 29758K [0x00000000d7b80000, 0x00000000e8380000, 0x0000000100000000)
  eden space 175104K, 0% used [0x00000000d7b80000,0x00000000d7b80000,0x00000000e2680000)
  from space 33792K, 88% used [0x00000000e4b80000,0x00000000e688f8d8,0x00000000e6c80000)
  to   space 37888K, 0% used [0x00000000e2680000,0x00000000e2680000,0x00000000e4b80000)
 ParOldGen       total 105984K, used 41265K [0x0000000087200000, 0x000000008d980000, 0x00000000d7b80000)
  object space 105984K, 38% used [0x0000000087200000,0x0000000089a4c6b8,0x000000008d980000)
 Metaspace       used 57681K, capacity 58759K, committed 59008K, reserved 1101824K
  class space    used 6919K, capacity 7242K, committed 7296K, reserved 1048576K

Deoptimization events (10 events):
Event: 9,166 Thread 0x00007fefc000e000 Uncommon trap: reason=unstable_if action=reinterpret pc=0x00007fefb1b730e0 method=jdk.internal.org.objectweb.asm.Item.isEqualTo(Ljdk/internal/org/objectweb/asm/Item;)Z @ 331
Event: 9,167 Thread 0x00007fefc000e000 Uncommon trap: reason=class_check action=maybe_recompile pc=0x00007fefb25a1a88 method=gnu.trove.TObjectHash.contains(Ljava/lang/Object;)Z @ 2
Event: 9,169 Thread 0x00007fefc000e000 Uncommon trap: reason=class_check action=maybe_recompile pc=0x00007fefb25a1a88 method=gnu.trove.TObjectHash.contains(Ljava/lang/Object;)Z @ 2
Event: 9,171 Thread 0x00007fefc000e000 Uncommon trap: reason=class_check action=maybe_recompile pc=0x00007fefb25a1a88 method=gnu.trove.TObjectHash.contains(Ljava/lang/Object;)Z @ 2
Event: 9,173 Thread 0x00007fefc000e000 Uncommon trap: reason=class_check action=maybe_recompile pc=0x00007fefb25a1a88 method=gnu.trove.TObjectHash.contains(Ljava/lang/Object;)Z @ 2
Event: 9,200 Thread 0x00007fefc000e000 Uncommon trap: reason=class_check action=maybe_recompile pc=0x00007fefb2578994 method=org.jetbrains.kotlin.storage.LockBasedStorageManager$MapBasedMemoizedFunction.invoke(Ljava/lang/Object;)Ljava/lang/Object; @ 34
Event: 9,216 Thread 0x00007fefc000e000 Uncommon trap: reason=class_check action=maybe_recompile pc=0x00007fefb223b4a8 method=org.jetbrains.org.objectweb.asm.ClassReader.readMethod(Lorg/jetbrains/org/objectweb/asm/ClassVisitor;Lorg/jetbrains/org/objectweb/asm/Context;I)I @ 1027
Event: 9,227 Thread 0x00007fefc000e000 Uncommon trap: reason=class_check action=maybe_recompile pc=0x00007fefb2578994 method=org.jetbrains.kotlin.storage.LockBasedStorageManager$MapBasedMemoizedFunction.invoke(Ljava/lang/Object;)Ljava/lang/Object; @ 34
Event: 9,244 Thread 0x00007fefc000e000 Uncommon trap: reason=speculate_class_check action=maybe_recompile pc=0x00007fefb1a304ec method=java.util.ArrayList.<init>(Ljava/util/Collection;)V @ 36
Event: 9,259 Thread 0x00007fefc000e000 Uncommon trap: reason=unstable_if action=reinterpret pc=0x00007fefb1e386b4 method=org.jetbrains.org.objectweb.asm.MethodVisitor.visitEnd()V @ 4

Classes redefined (0 events):
No events

Internal exceptions (10 events):
Event: 6,834 Thread 0x00007fefc000e000 Implicit null exception at 0x00007fefb21cca74 to 0x00007fefb21ccd11
Event: 7,602 Thread 0x00007fefc000e000 Implicit null exception at 0x00007fefb12110d0 to 0x00007fefb1211139
Event: 8,117 Thread 0x00007fefc000e000 Implicit null exception at 0x00007fefb1210435 to 0x00007fefb12107e9
Event: 8,138 Thread 0x00007fefc000e000 Implicit null exception at 0x00007fefb11ae2b4 to 0x00007fefb11ae69d
Event: 8,501 Thread 0x00007fefc000e000 Implicit null exception at 0x00007fefb1281535 to 0x00007fefb1281711
Event: 8,523 Thread 0x00007fefc000e000 Implicit null exception at 0x00007fefb17f9e8c to 0x00007fefb17f9ee6
Event: 8,779 Thread 0x00007fefc000e000 Implicit null exception at 0x00007fefb2669c9b to 0x00007fefb2670459
Event: 9,014 Thread 0x00007fefc000e000 Exception <a 'java/lang/NoSuchMethodError': java.lang.Object.lambda$static$0(Ljava/lang/Throwable;Ljava/lang/String;)V> (0x00000000d8965e48) thrown at [/buildbot/src/googleplex-android/openjdk/out/hotspot/src/share/vm/interpreter/linkResolver.cpp, line 58
Event: 9,254 Thread 0x00007fefc000e000 Exception <a 'java/lang/NoSuchMethodError': java.lang.Object.lambda$static$0(Ljava/lang/String;)Z> (0x00000000d951fb78) thrown at [/buildbot/src/googleplex-android/openjdk/out/hotspot/src/share/vm/interpreter/linkResolver.cpp, line 584]
Event: 9,255 Thread 0x00007fefc000e000 Exception <a 'java/lang/NoSuchMethodError': java.lang.Object.lambda$static$1(Ljava/lang/String;)Z> (0x00000000d95223c8) thrown at [/buildbot/src/googleplex-android/openjdk/out/hotspot/src/share/vm/interpreter/linkResolver.cpp, line 584]

Events (10 events):
Event: 9,359 loading class org/jetbrains/kotlin/codegen/optimization/nullCheck/RedundantNullCheckMethodTransformerKt done
Event: 9,360 loading class org/jetbrains/kotlin/codegen/optimization/nullCheck/RedundantNullCheckMethodTransformer$TransformerPass$NullabilityAssumptionsBuilder
Event: 9,360 loading class org/jetbrains/kotlin/codegen/optimization/nullCheck/RedundantNullCheckMethodTransformer$TransformerPass$NullabilityAssumptionsBuilder done
Event: 9,361 loading class org/jetbrains/org/objectweb/asm/tree/InsnList$InsnListIterator
Event: 9,361 loading class org/jetbrains/org/objectweb/asm/tree/InsnList$InsnListIterator done
Event: 9,362 loading class org/jetbrains/kotlin/codegen/optimization/nullCheck/RedundantNullCheckMethodTransformer$TransformerPass$NullabilityAssumptions
Event: 9,362 loading class org/jetbrains/kotlin/codegen/optimization/nullCheck/RedundantNullCheckMethodTransformer$TransformerPass$NullabilityAssumptions done
Event: 9,362 loading class org/jetbrains/kotlin/codegen/optimization/nullCheck/NullabilityInterpreter
Event: 9,362 loading class org/jetbrains/kotlin/codegen/optimization/nullCheck/NullabilityInterpreter done
Event: 9,363 Executing VM operation: CollectForMetadataAllocation


Dynamic libraries:
00400000-00401000 r-xp 00000000 103:05 3016659                           /opt/android-studio/jre/jre/bin/java
00401000-00402000 rw-p 00000000 103:05 3016659                           /opt/android-studio/jre/jre/bin/java
018d6000-018f7000 rw-p 00000000 00:00 0                                  [heap]
87200000-8d980000 rw-p 00000000 00:00 0 
91700000-d7b80000 ---p 00000000 00:00 0 
d7b80000-e8380000 rw-p 00000000 00:00 0 
e8380000-100000000 ---p 00000000 00:00 0 
100000000-100720000 rw-p 00000000 00:00 0 
100720000-140000000 ---p 00000000 00:00 0 
7fef60000000-7fef60021000 rw-p 00000000 00:00 0 
7fef60021000-7fef64000000 ---p 00000000 00:00 0 
7fef64000000-7fef64021000 rw-p 00000000 00:00 0 
7fef64021000-7fef68000000 ---p 00000000 00:00 0 
7fef68000000-7fef6921b000 rw-p 00000000 00:00 0 
7fef6921b000-7fef6c000000 ---p 00000000 00:00 0 
7fef6c000000-7fef6cc67000 rw-p 00000000 00:00 0 
7fef6cc67000-7fef70000000 ---p 00000000 00:00 0 
7fef70000000-7fef712d5000 rw-p 00000000 00:00 0 
7fef712d5000-7fef74000000 ---p 00000000 00:00 0 
7fef74000000-7fef75776000 rw-p 00000000 00:00 0 
7fef75776000-7fef78000000 ---p 00000000 00:00 0 
7fef78000000-7fef78021000 rw-p 00000000 00:00 0 
7fef78021000-7fef7c000000 ---p 00000000 00:00 0 
7fef7c1dd000-7fef7c25d000 rw-p 00000000 00:00 0 
7fef7c25d000-7fef7c3dd000 ---p 00000000 00:00 0 
7fef7c3dd000-7fef7c5dd000 rw-p 00000000 00:00 0 
7fef7c5dd000-7fef7c7dd000 rw-p 00000000 00:00 0 
7fef7c7dd000-7fef7c9dd000 rw-p 00000000 00:00 0 
7fef7c9dd000-7fef7cbdd000 rw-p 00000000 00:00 0 
7fef7cbdd000-7fef7cddd000 rw-p 00000000 00:00 0 
7fef7cddd000-7fef7cfdd000 rw-p 00000000 00:00 0 
7fef7cfdd000-7fef7d1dd000 rw-p 00000000 00:00 0 
7fef7d1dd000-7fef7d3dd000 rw-p 00000000 00:00 0 
7fef7d3dd000-7fef7d5dd000 rw-p 00000000 00:00 0 
7fef7d5dd000-7fef7d7dd000 rw-p 00000000 00:00 0 
7fef7d7dd000-7fef7d9dd000 rw-p 00000000 00:00 0 
7fef7d9dd000-7fef7dbdd000 rw-p 00000000 00:00 0 
7fef7dbf0000-7fef7ddf0000 rw-p 00000000 00:00 0 
7fef7ddf0000-7fef7dff0000 rw-p 00000000 00:00 0 
7fef7dff0000-7fef7e111000 r--s 02b7d000 103:05 3159865                   /home/je3yk/Android/Sdk/platforms/android-28/android.jar
7fef7e111000-7fef7e311000 rw-p 00000000 00:00 0 
7fef7e311000-7fef7e511000 rw-p 00000000 00:00 0 
7fef7e511000-7fef7e711000 rw-p 00000000 00:00 0 
7fef7e711000-7fef7e911000 rw-p 00000000 00:00 0 
7fef7e911000-7fef7eb11000 rw-p 00000000 00:00 0 
7fef7eb11000-7fef7ed11000 rw-p 00000000 00:00 0 
7fef7ed11000-7fef7ef11000 rw-p 00000000 00:00 0 
7fef7ef11000-7fef7ef13000 r-xp 00000000 103:05 5903270                   /lib/x86_64-linux-gnu/libutil-2.27.so
7fef7ef13000-7fef7f112000 ---p 00002000 103:05 5903270                   /lib/x86_64-linux-gnu/libutil-2.27.so
7fef7f112000-7fef7f113000 r--p 00001000 103:05 5903270                   /lib/x86_64-linux-gnu/libutil-2.27.so
7fef7f113000-7fef7f114000 rw-p 00002000 103:05 5903270                   /lib/x86_64-linux-gnu/libutil-2.27.so
7fef7f114000-7fef7f117000 r-xp 00000000 103:05 925627                    /tmp/libjansi-1.3.31-release-198 (1.3.31)-3795719473844136725.so
7fef7f117000-7fef7f316000 ---p 00003000 103:05 925627                    /tmp/libjansi-1.3.31-release-198 (1.3.31)-3795719473844136725.so
7fef7f316000-7fef7f317000 rw-p 00002000 103:05 925627                    /tmp/libjansi-1.3.31-release-198 (1.3.31)-3795719473844136725.so
7fef7f317000-7fef7f500000 r--s 01c53000 103:05 924045                    /home/je3yk/.gradle/caches/modules-2/files-2.1/org.jetbrains.kotlin/kotlin-compiler-embeddable/1.3.31/965ef6d9abe1555cc5d0a34dd24ce93b49123e7c/kotlin-compiler-embeddable-1.3.31.jar
7fef7f500000-7fef80000000 r--p 00000000 103:05 531035                    /usr/lib/locale/locale-archive
7fef80000000-7fef80021000 rw-p 00000000 00:00 0 
7fef80021000-7fef84000000 ---p 00000000 00:00 0 
7fef84000000-7fef84021000 rw-p 00000000 00:00 0 
7fef84021000-7fef88000000 ---p 00000000 00:00 0 
7fef88000000-7fef882c0000 rw-p 00000000 00:00 0 
7fef882c0000-7fef8c000000 ---p 00000000 00:00 0 
7fef8c000000-7fef8c021000 rw-p 00000000 00:00 0 
7fef8c021000-7fef90000000 ---p 00000000 00:00 0 
7fef90013000-7fef9008d000 r--s 010fd000 103:05 3016676                   /opt/android-studio/jre/lib/tools.jar
7fef9008d000-7fef9008e000 ---p 00000000 00:00 0 
7fef9008e000-7fef9018e000 rw-p 00000000 00:00 0 
7fef9018e000-7fef90191000 ---p 00000000 00:00 0 
7fef90191000-7fef9028f000 rw-p 00000000 00:00 0 
7fef9028f000-7fef90290000 ---p 00000000 00:00 0 
7fef90290000-7fef90293000 ---p 00000000 00:00 0 
7fef90293000-7fef94000000 rw-p 00000000 00:00 0 
7fef94000000-7fef94021000 rw-p 00000000 00:00 0 
7fef94021000-7fef98000000 ---p 00000000 00:00 0 
7fef98000000-7fef98021000 rw-p 00000000 00:00 0 
7fef98021000-7fef9c000000 ---p 00000000 00:00 0 
7fef9c000000-7fef9c021000 rw-p 00000000 00:00 0 
7fef9c021000-7fefa0000000 ---p 00000000 00:00 0 
7fefa0000000-7fefa0021000 rw-p 00000000 00:00 0 
7fefa0021000-7fefa4000000 ---p 00000000 00:00 0 
7fefa4000000-7fefa4021000 rw-p 00000000 00:00 0 
7fefa4021000-7fefa8000000 ---p 00000000 00:00 0 
7fefa8000000-7fefa8021000 rw-p 00000000 00:00 0 
7fefa8021000-7fefac000000 ---p 00000000 00:00 0 
7fefac000000-7fefac021000 rw-p 00000000 00:00 0 
7fefac021000-7fefb0000000 ---p 00000000 00:00 0 
7fefb000f000-7fefb0018000 r--s 00076000 103:05 3549438                   /home/je3yk/.gradle/caches/transforms-2/files-2.1/d9c4eada7268e6e7ba91f304d0ec66fb/jars/classes.jar
7fefb0018000-7fefb0019000 r--s 00002000 103:05 5248303                   /home/je3yk/.gradle/caches/transforms-2/files-2.1/8db19c8d5899cc7af692892d5e8464ce/jars/classes.jar
7fefb0019000-7fefb001b000 r--s 00001000 103:05 5248328                   /home/je3yk/.gradle/caches/transforms-2/files-2.1/d1eb7e2f4073cb41f0ed9c576a476f2a/jars/classes.jar
7fefb001b000-7fefb001d000 r--s 00007000 103:05 4859559                   /home/je3yk/.gradle/caches/transforms-2/files-2.1/7e7c6d1f752ebbca01e5d51fac916a92/jars/classes.jar
7fefb001d000-7fefb001e000 r--s 00007000 103:05 4859549                   /home/je3yk/.gradle/caches/transforms-2/files-2.1/6e703e4a73d10784a3b7f305da07f80f/jars/classes.jar
7fefb001e000-7fefb0029000 r--s 000a6000 103:05 3941767                   /home/je3yk/.gradle/caches/transforms-2/files-2.1/d650c9fbb6aff256bde50d3e54eb303a/jars/classes.jar
7fefb0029000-7fefb002c000 r--s 00026000 103:05 3941773                   /home/je3yk/.gradle/caches/transforms-2/files-2.1/2b9a71948dc96bd76058e12bb1b02433/jars/classes.jar
7fefb002c000-7fefb0038000 r--s 0008e000 103:05 4990078                   /home/je3yk/.gradle/caches/transforms-2/files-2.1/8b593021aa2a26c0a0d4824a911715ed/jars/classes.jar
7fefb0038000-7fefb003e000 r--s 00057000 103:05 3416106                   /home/je3yk/.gradle/caches/transforms-2/files-2.1/dd22b6650b0cc327d50a23f92ab0b93e/jars/classes.jar
7fefb003e000-7fefb0040000 r--s 00005000 103:05 925562                    /home/je3yk/.gradle/caches/modules-2/files-2.1/com.android.support/support-annotations/28.0.0/ed73f5337a002d1fd24339d5fb08c2c9d9ca60d8/support-annotations-28.0.0.jar
7fefb0040000-7fefb0042000 r--s 00004000 103:05 925553                    /home/je3yk/.gradle/caches/modules-2/files-2.1/android.arch.lifecycle/common/1.1.1/207a6efae6a3555e326de41f76bdadd9a239cbce/common-1.1.1.jar
7fefb0042000-7fefb0044000 r--s 00009000 103:05 925092                    /home/je3yk/.gradle/caches/modules-2/files-2.1/com.android.support/collections/28.0.0/c1bcdade4d3cc2836130424a3f3e4182c666a745/collections-28.0.0.jar
7fefb0044000-7fefb0045000 r--s 00001000 103:05 5248312                   /home/je3yk/.gradle/caches/transforms-2/files-2.1/bca197136772b83d7971e78d25b7dfc3/jars/classes.jar
7fefb0045000-7fefb0047000 r--s 00001000 103:05 924544                    /home/je3yk/.gradle/caches/modules-2/files-2.1/org.jetbrains.kotlin/kotlin-android-extensions-runtime/1.3.31/721b62ccbafe51a284ca0d1c5dcfdce8cedd4255/kotlin-android-extensions-runtime-1.3.31.jar
7fefb0047000-7fefb0049000 r--s 0001c000 103:05 925563                    /home/je3yk/.gradle/caches/modules-2/files-2.1/com.android.support.constraint/constraint-layout-solver/1.1.3/bde0667d7414c16ed62d3cfe993cff7f9d732373/constraint-layout-solver-1.1.3.jar
7fefb0049000-7fefb0050000 r--s 0004e000 103:05 924046                    /home/je3yk/.gradle/caches/modules-2/files-2.1/org.jetbrains.kotlin/kotlin-android-extensions/1.3.31/57bdeb88c9265052448a7a8422ed64ad92e9b262/kotlin-android-extensions-1.3.31.jar
7fefb0050000-7fefb0066000 r-xp 00000000 103:05 3016612                   /opt/android-studio/jre/jre/lib/amd64/libnet.so
7fefb0066000-7fefb0067000 rw-p 00016000 103:05 3016612                   /opt/android-studio/jre/jre/lib/amd64/libnet.so
7fefb0067000-7fefb0077000 r-xp 00000000 103:05 3016603                   /opt/android-studio/jre/jre/lib/amd64/libnio.so
7fefb0077000-7fefb0078000 rw-p 00010000 103:05 3016603                   /opt/android-studio/jre/jre/lib/amd64/libnio.so
7fefb0078000-7fefb00af000 r--s 0026d000 103:05 924047                    /home/je3yk/.gradle/caches/modules-2/files-2.1/org.jetbrains.kotlin/kotlin-reflect/1.3.31/5a426a5ada97967ca60fba495eeaa66cfa7c9e2f/kotlin-reflect-1.3.31.jar
7fefb00af000-7fefb00f1000 rw-p 00000000 00:00 0 
7fefb00f1000-7fefb00f2000 ---p 00000000 00:00 0 
7fefb00f2000-7fefb00f5000 ---p 00000000 00:00 0 
7fefb00f5000-7fefb01f2000 rw-p 00000000 00:00 0 
7fefb01f2000-7fefb01f3000 ---p 00000000 00:00 0 
7fefb01f3000-7fefb01f6000 ---p 00000000 00:00 0 
7fefb01f6000-7fefb02f3000 rw-p 00000000 00:00 0 
7fefb02f3000-7fefb02f4000 ---p 00000000 00:00 0 
7fefb02f4000-7fefb02f7000 ---p 00000000 00:00 0 
7fefb02f7000-7fefb03f4000 rw-p 00000000 00:00 0 
7fefb03f4000-7fefb03f7000 ---p 00000000 00:00 0 
7fefb03f7000-7fefb04f5000 rw-p 00000000 00:00 0 
7fefb04f5000-7fefb04f8000 ---p 00000000 00:00 0 
7fefb04f8000-7fefb05f6000 rw-p 00000000 00:00 0 
7fefb05f6000-7fefb05f9000 ---p 00000000 00:00 0 
7fefb05f9000-7fefb06f7000 rw-p 00000000 00:00 0 
7fefb06f7000-7fefb06f8000 ---p 00000000 00:00 0 
7fefb06f8000-7fefb1000000 rw-p 00000000 00:00 0 
7fefb1000000-7fefb2a20000 rwxp 00000000 00:00 0 
7fefb2a20000-7fefc0000000 ---p 00000000 00:00 0 
7fefc0000000-7fefc18cf000 rw-p 00000000 00:00 0 
7fefc18cf000-7fefc4000000 ---p 00000000 00:00 0 
7fefc4000000-7fefc4001000 r--s 00002000 103:05 925557                    /home/je3yk/.gradle/caches/modules-2/files-2.1/android.arch.core/common/1.1.1/e55b70d1f5620db124b3e85a7f4bdc7bd48d9f95/common-1.1.1.jar
7fefc4001000-7fefc4009000 r--s 00020000 103:05 924078                    /home/je3yk/.gradle/caches/modules-2/files-2.1/org.jetbrains.kotlin/kotlin-stdlib-common/1.3.31/20c34a04ea25cb1ef0139598bd67c764562cb170/kotlin-stdlib-common-1.3.31.jar
7fefc4009000-7fefc401c000 r--s 00126000 103:05 924050                    /home/je3yk/.gradle/caches/modules-2/files-2.1/org.jetbrains.kotlin/kotlin-stdlib/1.3.31/11289d20fd95ae219333f3456072be9f081c30cc/kotlin-stdlib-1.3.31.jar
7fefc401c000-7fefc5485000 rw-p 00000000 00:00 0 
7fefc5485000-7fefc5656000 r--s 03c8a000 103:05 3016575                   /opt/android-studio/jre/jre/lib/rt.jar
7fefc5656000-7fefc62ee000 rw-p 00000000 00:00 0 
7fefc62ee000-7fefc62ef000 ---p 00000000 00:00 0 
7fefc62ef000-7fefc63ef000 rw-p 00000000 00:00 0 
7fefc63ef000-7fefc63f0000 ---p 00000000 00:00 0 
7fefc63f0000-7fefc64f0000 rw-p 00000000 00:00 0 
7fefc64f0000-7fefc64f1000 ---p 00000000 00:00 0 
7fefc64f1000-7fefc65f1000 rw-p 00000000 00:00 0 
7fefc65f1000-7fefc65f2000 ---p 00000000 00:00 0 
7fefc65f2000-7fefc66f2000 rw-p 00000000 00:00 0 
7fefc66f2000-7fefc66f3000 ---p 00000000 00:00 0 
7fefc66f3000-7fefc67f3000 rw-p 00000000 00:00 0 
7fefc67f3000-7fefc67f4000 ---p 00000000 00:00 0 
7fefc67f4000-7fefc68f4000 rw-p 00000000 00:00 0 
7fefc68f4000-7fefc68f5000 ---p 00000000 00:00 0 
7fefc68f5000-7fefc69f5000 rw-p 00000000 00:00 0 
7fefc69f5000-7fefc69f6000 ---p 00000000 00:00 0 
7fefc69f6000-7fefc6b2a000 rw-p 00000000 00:00 0 
7fefc6b2a000-7fefc6d7b000 ---p 00000000 00:00 0 
7fefc6d7b000-7fefc6daf000 rw-p 00000000 00:00 0 
7fefc6daf000-7fefc6fff000 ---p 00000000 00:00 0 
7fefc6fff000-7fefc7084000 rw-p 00000000 00:00 0 
7fefc7084000-7fefc7142000 ---p 00000000 00:00 0 
7fefc7142000-7fefc71ac000 rw-p 00000000 00:00 0 
7fefc71ac000-7fefc7503000 ---p 00000000 00:00 0 
7fefc7503000-7fefc750e000 r-xp 00000000 103:05 5903195                   /lib/x86_64-linux-gnu/libnss_files-2.27.so
7fefc750e000-7fefc770d000 ---p 0000b000 103:05 5903195                   /lib/x86_64-linux-gnu/libnss_files-2.27.so
7fefc770d000-7fefc770e000 r--p 0000a000 103:05 5903195                   /lib/x86_64-linux-gnu/libnss_files-2.27.so
7fefc770e000-7fefc770f000 rw-p 0000b000 103:05 5903195                   /lib/x86_64-linux-gnu/libnss_files-2.27.so
7fefc770f000-7fefc7715000 rw-p 00000000 00:00 0 
7fefc7715000-7fefc772c000 r-xp 00000000 103:05 5903189                   /lib/x86_64-linux-gnu/libnsl-2.27.so
7fefc772c000-7fefc792b000 ---p 00017000 103:05 5903189                   /lib/x86_64-linux-gnu/libnsl-2.27.so
7fefc792b000-7fefc792c000 r--p 00016000 103:05 5903189                   /lib/x86_64-linux-gnu/libnsl-2.27.so
7fefc792c000-7fefc792d000 rw-p 00017000 103:05 5903189                   /lib/x86_64-linux-gnu/libnsl-2.27.so
7fefc792d000-7fefc792f000 rw-p 00000000 00:00 0 
7fefc792f000-7fefc793a000 r-xp 00000000 103:05 5903206                   /lib/x86_64-linux-gnu/libnss_nis-2.27.so
7fefc793a000-7fefc7b39000 ---p 0000b000 103:05 5903206                   /lib/x86_64-linux-gnu/libnss_nis-2.27.so
7fefc7b39000-7fefc7b3a000 r--p 0000a000 103:05 5903206                   /lib/x86_64-linux-gnu/libnss_nis-2.27.so
7fefc7b3a000-7fefc7b3b000 rw-p 0000b000 103:05 5903206                   /lib/x86_64-linux-gnu/libnss_nis-2.27.so
7fefc7b3b000-7fefc7b43000 r-xp 00000000 103:05 5903191                   /lib/x86_64-linux-gnu/libnss_compat-2.27.so
7fefc7b43000-7fefc7d43000 ---p 00008000 103:05 5903191                   /lib/x86_64-linux-gnu/libnss_compat-2.27.so
7fefc7d43000-7fefc7d44000 r--p 00008000 103:05 5903191                   /lib/x86_64-linux-gnu/libnss_compat-2.27.so
7fefc7d44000-7fefc7d45000 rw-p 00009000 103:05 5903191                   /lib/x86_64-linux-gnu/libnss_compat-2.27.so
7fefc7d45000-7fefc7d4c000 r-xp 00000000 103:05 5903246                   /lib/x86_64-linux-gnu/librt-2.27.so
7fefc7d4c000-7fefc7f4b000 ---p 00007000 103:05 5903246                   /lib/x86_64-linux-gnu/librt-2.27.so
7fefc7f4b000-7fefc7f4c000 r--p 00006000 103:05 5903246                   /lib/x86_64-linux-gnu/librt-2.27.so
7fefc7f4c000-7fefc7f4d000 rw-p 00007000 103:05 5903246                   /lib/x86_64-linux-gnu/librt-2.27.so
7fefc7f4d000-7fefc80ea000 r-xp 00000000 103:05 5903168                   /lib/x86_64-linux-gnu/libm-2.27.so
7fefc80ea000-7fefc82e9000 ---p 0019d000 103:05 5903168                   /lib/x86_64-linux-gnu/libm-2.27.so
7fefc82e9000-7fefc82ea000 r--p 0019c000 103:05 5903168                   /lib/x86_64-linux-gnu/libm-2.27.so
7fefc82ea000-7fefc82eb000 rw-p 0019d000 103:05 5903168                   /lib/x86_64-linux-gnu/libm-2.27.so
7fefc82eb000-7fefc8f03000 r-xp 00000000 103:05 3016585                   /opt/android-studio/jre/jre/lib/amd64/server/libjvm.so
7fefc8f03000-7fefc8fd2000 rw-p 00c18000 103:05 3016585                   /opt/android-studio/jre/jre/lib/amd64/server/libjvm.so
7fefc8fd2000-7fefc9017000 rw-p 00000000 00:00 0 
7fefc9017000-7fefc91fe000 r-xp 00000000 103:05 5903105                   /lib/x86_64-linux-gnu/libc-2.27.so
7fefc91fe000-7fefc93fe000 ---p 001e7000 103:05 5903105                   /lib/x86_64-linux-gnu/libc-2.27.so
7fefc93fe000-7fefc9402000 r--p 001e7000 103:05 5903105                   /lib/x86_64-linux-gnu/libc-2.27.so
7fefc9402000-7fefc9404000 rw-p 001eb000 103:05 5903105                   /lib/x86_64-linux-gnu/libc-2.27.so
7fefc9404000-7fefc9408000 rw-p 00000000 00:00 0 
7fefc9408000-7fefc940b000 r-xp 00000000 103:05 5903128                   /lib/x86_64-linux-gnu/libdl-2.27.so
7fefc940b000-7fefc960a000 ---p 00003000 103:05 5903128                   /lib/x86_64-linux-gnu/libdl-2.27.so
7fefc960a000-7fefc960b000 r--p 00002000 103:05 5903128                   /lib/x86_64-linux-gnu/libdl-2.27.so
7fefc960b000-7fefc960c000 rw-p 00003000 103:05 5903128                   /lib/x86_64-linux-gnu/libdl-2.27.so
7fefc960c000-7fefc9626000 r-xp 00000000 103:05 5903238                   /lib/x86_64-linux-gnu/libpthread-2.27.so
7fefc9626000-7fefc9825000 ---p 0001a000 103:05 5903238                   /lib/x86_64-linux-gnu/libpthread-2.27.so
7fefc9825000-7fefc9826000 r--p 00019000 103:05 5903238                   /lib/x86_64-linux-gnu/libpthread-2.27.so
7fefc9826000-7fefc9827000 rw-p 0001a000 103:05 5903238                   /lib/x86_64-linux-gnu/libpthread-2.27.so
7fefc9827000-7fefc982b000 rw-p 00000000 00:00 0 
7fefc982b000-7fefc9852000 r-xp 00000000 103:05 5903077                   /lib/x86_64-linux-gnu/ld-2.27.so
7fefc9852000-7fefc9857000 r--s 0009a000 103:05 3016632                   /opt/android-studio/jre/jre/lib/jsse.jar
7fefc9857000-7fefc9859000 r--s 00003000 103:05 924079                    /home/je3yk/.gradle/caches/modules-2/files-2.1/org.jetbrains/annotations/13.0/919f0dfe192fb4e063e7dacadee7f8bb9a2672a9/annotations-13.0.jar
7fefc9859000-7fefc9864000 r--s 00081000 103:05 924081                    /home/je3yk/.gradle/caches/modules-2/files-2.1/org.jetbrains.intellij.deps/trove4j/1.0.20181211/216c2e14b070f334479d800987affe4054cd563f/trove4j-1.0.20181211.jar
7fefc9864000-7fefc98d3000 rw-p 00000000 00:00 0 
7fefc98d3000-7fefc98ed000 r-xp 00000000 103:05 3016611                   /opt/android-studio/jre/jre/lib/amd64/libzip.so
7fefc98ed000-7fefc98ee000 rw-p 00019000 103:05 3016611                   /opt/android-studio/jre/jre/lib/amd64/libzip.so
7fefc98ee000-7fefc9919000 r-xp 00000000 103:05 3016610                   /opt/android-studio/jre/jre/lib/amd64/libjava.so
7fefc9919000-7fefc991b000 rw-p 0002b000 103:05 3016610                   /opt/android-studio/jre/jre/lib/amd64/libjava.so
7fefc991b000-7fefc991c000 ---p 00000000 00:00 0 
7fefc991c000-7fefc991f000 ---p 00000000 00:00 0 
7fefc991f000-7fefc9a1e000 rw-p 00000000 00:00 0 
7fefc9a1e000-7fefc9a33000 r-xp 00000000 103:05 3016614                   /opt/android-studio/jre/jre/lib/amd64/jli/libjli.so
7fefc9a33000-7fefc9a34000 rw-p 00015000 103:05 3016614                   /opt/android-studio/jre/jre/lib/amd64/jli/libjli.so
7fefc9a34000-7fefc9a36000 rw-p 00000000 00:00 0 
7fefc9a36000-7fefc9a37000 r--s 00000000 103:05 924048                    /home/je3yk/.gradle/caches/modules-2/files-2.1/org.jetbrains.kotlin/kotlin-stdlib-jdk7/1.3.31/e652770b6416c6d85934086899ffed3eccd35813/kotlin-stdlib-jdk7-1.3.31.jar
7fefc9a37000-7fefc9a39000 r--s 00009000 103:05 924080                    /home/je3yk/.gradle/caches/modules-2/files-2.1/org.jetbrains.kotlin/kotlin-script-runtime/1.3.31/e63e9d1a9ddb5f43ac72115de992aed8eb938cb5/kotlin-script-runtime-1.3.31.jar
7fefc9a39000-7fefc9a41000 rw-s 00000000 103:05 1324306                   /tmp/hsperfdata_je3yk/25974
7fefc9a41000-7fefc9a42000 rw-p 00000000 00:00 0 
7fefc9a42000-7fefc9a43000 ---p 00000000 00:00 0 
7fefc9a43000-7fefc9a50000 r-xp 00000000 103:05 3016592                   /opt/android-studio/jre/jre/lib/amd64/libverify.so
7fefc9a50000-7fefc9a52000 rw-p 0000c000 103:05 3016592                   /opt/android-studio/jre/jre/lib/amd64/libverify.so
7fefc9a52000-7fefc9a53000 r--p 00027000 103:05 5903077                   /lib/x86_64-linux-gnu/ld-2.27.so
7fefc9a53000-7fefc9a54000 rw-p 00028000 103:05 5903077                   /lib/x86_64-linux-gnu/ld-2.27.so
7fefc9a54000-7fefc9a55000 rw-p 00000000 00:00 0 
7ffe65085000-7ffe650a8000 rw-p 00000000 00:00 0                          [stack]
7ffe650ad000-7ffe650b0000 r--p 00000000 00:00 0                          [vvar]
7ffe650b0000-7ffe650b2000 r-xp 00000000 00:00 0                          [vdso]
ffffffffff600000-ffffffffff601000 r-xp 00000000 00:00 0                  [vsyscall]

VM Arguments:
java_command: org.jetbrains.kotlin.cli.jvm.K2JVMCompiler -Xadd-compiler-builtins -Xbuild-file=/tmp/kjps6981162573539939822app_debug.script.xml -classpath /home/je3yk/.gradle/caches/modules-2/files-2.1/org.jetbrains.kotlin/kotlin-android-extensions-runtime/1.3.31/721b62ccbafe51a284ca0d1c5dcfdce8cedd4255/kotlin-android-extensions-runtime-1.3.31.jar:/home/je3yk/.gradle/caches/modules-2/files-2.1/org.jetbrains.kotlin/kotlin-stdlib-jdk7/1.3.31/e652770b6416c6d85934086899ffed3eccd35813/kotlin-stdlib-jdk7-1.3.31.jar:/home/je3yk/.gradle/caches/modules-2/files-2.1/org.jetbrains.kotlin/kotlin-stdlib/1.3.31/11289d20fd95ae219333f3456072be9f081c30cc/kotlin-stdlib-1.3.31.jar:/home/je3yk/.gradle/caches/modules-2/files-2.1/org.jetbrains.kotlin/kotlin-stdlib-common/1.3.31/20c34a04ea25cb1ef0139598bd67c764562cb170/kotlin-stdlib-common-1.3.31.jar:/home/je3yk/.gradle/caches/modules-2/files-2.1/org.jetbrains/annotations/13.0/919f0dfe192fb4e063e7dacadee7f8bb9a2672a9/annotations-13.0.jar:/home/je3yk/.gradle/caches/transforms-2/files-2.1/d9c4eada7268e6e7ba91f304d0ec66fb/jars/classes.jar:/home/je3yk/.gradle/caches/transforms-2/files-2.1/d650c9fbb6aff256bde50d3e54eb303a/jars/classes.jar:/home/je3yk/.gradle/caches/transforms-2/files-2.1/dd22b6650b0cc327d50a23f92ab0b93e/jars/classes.jar:/home/je3yk/.gradle/caches/transforms-2/files-2.1/2b9a71948dc96bd76058e12bb1b02433/jars/classes.jar:/home/je3yk/.gradle/caches/transforms-2/files-2.1/563b3f5fe3956a42ea08c87d731e963a/jars/classes.jar:/home/je3yk/.gradle/caches/transforms-2/files-2.1/1d1c5ec3f2d8f494dde5156255278390/jars/classes.jar:/home/je3yk/.gradle/caches/transforms-2/files-2.1/afbf13909e16ef979b10a844a0dca8d4/jars/classes.jar:/home/je3yk/.gradle/caches/transforms-2/files-2.1/ae13714dcbf597ba3fff7bf6be872ece/jars/classes.jar:/home/je3yk/.gradle/caches/transforms-2/files-2.1/08bcd0feaae43d39384c1c102aa520f1/jars/classes.jar:/home/je3yk/.gradle/caches/transforms-2/files-2.1/7e7c6d1f752ebbca01e5d51fac916a92/jars/classes.jar:/home/je3yk/.gradle/
java_class_path (initial): /home/je3yk/.gradle/caches/modules-2/files-2.1/org.jetbrains.kotlin/kotlin-compiler-embeddable/1.3.31/965ef6d9abe1555cc5d0a34dd24ce93b49123e7c/kotlin-compiler-embeddable-1.3.31.jar:/home/je3yk/.gradle/caches/modules-2/files-2.1/org.jetbrains.kotlin/kotlin-reflect/1.3.31/5a426a5ada97967ca60fba495eeaa66cfa7c9e2f/kotlin-reflect-1.3.31.jar:/home/je3yk/.gradle/caches/modules-2/files-2.1/org.jetbrains.kotlin/kotlin-stdlib/1.3.31/11289d20fd95ae219333f3456072be9f081c30cc/kotlin-stdlib-1.3.31.jar:/home/je3yk/.gradle/caches/modules-2/files-2.1/org.jetbrains.kotlin/kotlin-script-runtime/1.3.31/e63e9d1a9ddb5f43ac72115de992aed8eb938cb5/kotlin-script-runtime-1.3.31.jar:/home/je3yk/.gradle/caches/modules-2/files-2.1/org.jetbrains.intellij.deps/trove4j/1.0.20181211/216c2e14b070f334479d800987affe4054cd563f/trove4j-1.0.20181211.jar:/home/je3yk/.gradle/caches/modules-2/files-2.1/org.jetbrains.kotlin/kotlin-stdlib-common/1.3.31/20c34a04ea25cb1ef0139598bd67c764562cb170/kotlin-stdlib-common-1.3.31.jar:/home/je3yk/.gradle/caches/modules-2/files-2.1/org.jetbrains/annotations/13.0/919f0dfe192fb4e063e7dacadee7f8bb9a2672a9/annotations-13.0.jar:/opt/android-studio/jre/lib/tools.jar
Launcher Type: SUN_STANDARD

Environment Variables:
PATH=/home/je3yk/.local/share/umake/bin:/home/je3yk/.local/bin:/usr/local/sbin:/usr/local/bin:/usr/sbin:/usr/bin:/sbin:/bin:/usr/games:/usr/local/games:/snap/bin
USERNAME=je3yk
SHELL=/bin/bash
DISPLAY=:0

Signal Handlers:
SIGSEGV: [libjvm.so+0xa00760], sa_mask[0]=11111111011111111101111111111110, sa_flags=SA_RESTART|SA_SIGINFO
SIGBUS: [libjvm.so+0xa00760], sa_mask[0]=11111111011111111101111111111110, sa_flags=SA_RESTART|SA_SIGINFO
SIGFPE: [libjvm.so+0x863090], sa_mask[0]=11111111011111111101111111111110, sa_flags=SA_RESTART|SA_SIGINFO
SIGPIPE: [libjvm.so+0x863090], sa_mask[0]=11111111011111111101111111111110, sa_flags=SA_RESTART|SA_SIGINFO
SIGXFSZ: [libjvm.so+0x863090], sa_mask[0]=11111111011111111101111111111110, sa_flags=SA_RESTART|SA_SIGINFO
SIGILL: [libjvm.so+0x863090], sa_mask[0]=11111111011111111101111111111110, sa_flags=SA_RESTART|SA_SIGINFO
SIGUSR1: SIG_DFL, sa_mask[0]=00000000000000000000000000000000, sa_flags=none
SIGUSR2: [libjvm.so+0x862f60], sa_mask[0]=00100000000000000000000000000000, sa_flags=SA_RESTART|SA_SIGINFO
SIGHUP: [libjvm.so+0x863150], sa_mask[0]=11111111011111111101111111111110, sa_flags=SA_RESTART|SA_SIGINFO
SIGINT: [libjvm.so+0x863150], sa_mask[0]=11111111011111111101111111111110, sa_flags=SA_RESTART|SA_SIGINFO
SIGTERM: [libjvm.so+0x863150], sa_mask[0]=11111111011111111101111111111110, sa_flags=SA_RESTART|SA_SIGINFO
SIGQUIT: [libjvm.so+0x863150], sa_mask[0]=11111111011111111101111111111110, sa_flags=SA_RESTART|SA_SIGINFO


---------------  S Y S T E M  ---------------

OS:DISTRIB_ID=Ubuntu
DISTRIB_RELEASE=18.04
DISTRIB_CODENAME=bionic
DISTRIB_DESCRIPTION="Ubuntu 18.04.2 LTS"

uname:Linux 4.18.0-21-generic #22~18.04.1-Ubuntu SMP Thu May 16 15:07:19 UTC 2019 x86_64
libc:glibc 2.27 NPTL 2.27 
rlimit: STACK 8192k, CORE 0k, NPROC 30476, NOFILE 4096, AS infinity
load average:5,73 2,32 1,88

/proc/meminfo:
MemTotal:        7920816 kB
MemFree:          107080 kB
MemAvailable:       9172 kB
Buffers:            1040 kB
Cached:           488820 kB
SwapCached:         4220 kB
Active:          6603668 kB
Inactive:         839232 kB
Active(anon):    6594172 kB
Inactive(anon):   824036 kB
Active(file):       9496 kB
Inactive(file):    15196 kB
Unevictable:          16 kB
Mlocked:              16 kB
SwapTotal:       2097148 kB
SwapFree:              0 kB
Dirty:               224 kB
Writeback:             0 kB
AnonPages:       6950880 kB
Mapped:           212320 kB
Shmem:            463928 kB
Slab:             145032 kB
SReclaimable:      57568 kB
SUnreclaim:        87464 kB
KernelStack:       23984 kB
PageTables:       100512 kB
NFS_Unstable:          0 kB
Bounce:                0 kB
WritebackTmp:          0 kB
CommitLimit:     6057556 kB
Committed_AS:   19953128 kB
VmallocTotal:   34359738367 kB
VmallocUsed:           0 kB
VmallocChunk:          0 kB
HardwareCorrupted:     0 kB
AnonHugePages:         0 kB
ShmemHugePages:        0 kB
ShmemPmdMapped:        0 kB
CmaTotal:              0 kB
CmaFree:               0 kB
HugePages_Total:       0
HugePages_Free:        0
HugePages_Rsvd:        0
HugePages_Surp:        0
Hugepagesize:       2048 kB
Hugetlb:               0 kB
DirectMap4k:      300088 kB
DirectMap2M:     7839744 kB
DirectMap1G:           0 kB


CPU:total 8 (initial active 8) (4 cores per cpu, 2 threads per core) family 6 model 142 stepping 10, cmov, cx8, fxsr, mmx, sse, sse2, sse3, ssse3, sse4.1, sse4.2, popcnt, avx, avx2, aes, clmul, erms, 3dnowpref, lzcnt, ht, tsc, tscinvbit, bmi1, bmi2, adx

/proc/cpuinfo:
processor	: 0
vendor_id	: GenuineIntel
cpu family	: 6
model		: 142
model name	: Intel(R) Core(TM) i5-8250U CPU @ 1.60GHz
stepping	: 10
microcode	: 0xb4
cpu MHz		: 2853.653
cache size	: 6144 KB
physical id	: 0
siblings	: 8
core id		: 0
cpu cores	: 4
apicid		: 0
initial apicid	: 0
fpu		: yes
fpu_exception	: yes
cpuid level	: 22
wp		: yes
flags		: fpu vme de pse tsc msr pae mce cx8 apic sep mtrr pge mca cmov pat pse36 clflush dts acpi mmx fxsr sse sse2 ss ht tm pbe syscall nx pdpe1gb rdtscp lm constant_tsc art arch_perfmon pebs bts rep_good nopl xtopology nonstop_tsc cpuid aperfmperf tsc_known_freq pni pclmulqdq dtes64 monitor ds_cpl vmx est tm2 ssse3 sdbg fma cx16 xtpr pdcm pcid sse4_1 sse4_2 x2apic movbe popcnt tsc_deadline_timer aes xsave avx f16c rdrand lahf_lm abm 3dnowprefetch cpuid_fault epb invpcid_single pti ssbd ibrs ibpb stibp tpr_shadow vnmi flexpriority ept vpid fsgsbase tsc_adjust bmi1 avx2 smep bmi2 erms invpcid mpx rdseed adx smap clflushopt intel_pt xsaveopt xsavec xgetbv1 xsaves dtherm ida arat pln pts hwp hwp_notify hwp_act_window hwp_epp md_clear flush_l1d
bugs		: cpu_meltdown spectre_v1 spectre_v2 spec_store_bypass l1tf mds
bogomips	: 3600.00
clflush size	: 64
cache_alignment	: 64
address sizes	: 39 bits physical, 48 bits virtual
power management:

processor	: 1
vendor_id	: GenuineIntel
cpu family	: 6
model		: 142
model name	: Intel(R) Core(TM) i5-8250U CPU @ 1.60GHz
stepping	: 10
microcode	: 0xb4
cpu MHz		: 2864.438
cache size	: 6144 KB
physical id	: 0
siblings	: 8
core id		: 1
cpu cores	: 4
apicid		: 2
initial apicid	: 2
fpu		: yes
fpu_exception	: yes
cpuid level	: 22
wp		: yes
flags		: fpu vme de pse tsc msr pae mce cx8 apic sep mtrr pge mca cmov pat pse36 clflush dts acpi mmx fxsr sse sse2 ss ht tm pbe syscall nx pdpe1gb rdtscp lm constant_tsc art arch_perfmon pebs bts rep_good nopl xtopology nonstop_tsc cpuid aperfmperf tsc_known_freq pni pclmulqdq dtes64 monitor ds_cpl vmx est tm2 ssse3 sdbg fma cx16 xtpr pdcm pcid sse4_1 sse4_2 x2apic movbe popcnt tsc_deadline_timer aes xsave avx f16c rdrand lahf_lm abm 3dnowprefetch cpuid_fault epb invpcid_single pti ssbd ibrs ibpb stibp tpr_shadow vnmi flexpriority ept vpid fsgsbase tsc_adjust bmi1 avx2 smep bmi2 erms invpcid mpx rdseed adx smap clflushopt intel_pt xsaveopt xsavec xgetbv1 xsaves dtherm ida arat pln pts hwp hwp_notify hwp_act_window hwp_epp md_clear flush_l1d
bugs		: cpu_meltdown spectre_v1 spectre_v2 spec_store_bypass l1tf mds
bogomips	: 3600.00
clflush size	: 64
cache_alignment	: 64
address sizes	: 39 bits physical, 48 bits virtual
power management:

processor	: 2
vendor_id	: GenuineIntel
cpu family	: 6
model		: 142
model name	: Intel(R) Core(TM) i5-8250U CPU @ 1.60GHz
stepping	: 10
microcode	: 0xb4
cpu MHz		: 2848.595
cache size	: 6144 KB
physical id	: 0
siblings	: 8
core id		: 2
cpu cores	: 4
apicid		: 4
initial apicid	: 4
fpu		: yes
fpu_exception	: yes
cpuid level	: 22
wp		: yes
flags		: fpu vme de pse tsc msr pae mce cx8 apic sep mtrr pge mca cmov pat pse36 clflush dts acpi mmx fxsr sse sse2 ss ht tm pbe syscall nx pdpe1gb rdtscp lm constant_tsc art arch_perfmon pebs bts rep_good nopl xtopology nonstop_tsc cpuid aperfmperf tsc_known_freq pni pclmulqdq dtes64 monitor ds_cpl vmx est tm2 ssse3 sdbg fma cx16 xtpr pdcm pcid sse4_1 sse4_2 x2apic movbe popcnt tsc_deadline_timer aes xsave avx f16c rdrand lahf_lm abm 3dnowprefetch cpuid_fault epb invpcid_single pti ssbd ibrs ibpb stibp tpr_shadow vnmi flexpriority ept vpid fsgsbase tsc_adjust bmi1 avx2 smep bmi2 erms invpcid mpx rdseed adx smap clflushopt intel_pt xsaveopt xsavec xgetbv1 xsaves dtherm ida arat pln pts hwp hwp_notify hwp_act_window hwp_epp md_clear flush_l1d
bugs		: cpu_meltdown spectre_v1 spectre_v2 spec_store_bypass l1tf mds
bogomips	: 3600.00
clflush size	: 64
cache_alignment	: 64
address sizes	: 39 bits physical, 48 bits virtual
power management:

processor	: 3
vendor_id	: GenuineIntel
cpu family	: 6
model		: 142
model name	: Intel(R) Core(TM) i5-8250U CPU @ 1.60GHz
stepping	: 10
microcode	: 0xb4
cpu MHz		: 2870.415
cache size	: 6144 KB
physical id	: 0
siblings	: 8
core id		: 3
cpu cores	: 4
apicid		: 6
initial apicid	: 6
fpu		: yes
fpu_exception	: yes
cpuid level	: 22
wp		: yes
flags		: fpu vme de pse tsc msr pae mce cx8 apic sep mtrr pge mca cmov pat pse36 clflush dts acpi mmx fxsr sse sse2 ss ht tm pbe syscall nx pdpe1gb rdtscp lm constant_tsc art arch_perfmon pebs bts rep_good nopl xtopology nonstop_tsc cpuid aperfmperf tsc_known_freq pni pclmulqdq dtes64 monitor ds_cpl vmx est tm2 ssse3 sdbg fma cx16 xtpr pdcm pcid sse4_1 sse4_2 x2apic movbe popcnt tsc_deadline_timer aes xsave avx f16c rdrand lahf_lm abm 3dnowprefetch cpuid_fault epb invpcid_single pti ssbd ibrs ibpb stibp tpr_shadow vnmi flexpriority ept vpid fsgsbase tsc_adjust bmi1 avx2 smep bmi2 erms invpcid mpx rdseed adx smap clflushopt intel_pt xsaveopt xsavec xgetbv1 xsaves dtherm ida arat pln pts hwp hwp_notify hwp_act_window hwp_epp md_clear flush_l1d
bugs		: cpu_meltdown spectre_v1 spectre_v2 spec_store_bypass l1tf mds
bogomips	: 3600.00
clflush size	: 64
cache_alignment	: 64
address sizes	: 39 bits physical, 48 bits virtual
power management:

processor	: 4
vendor_id	: GenuineIntel
cpu family	: 6
model		: 142
model name	: Intel(R) Core(TM) i5-8250U CPU @ 1.60GHz
stepping	: 10
microcode	: 0xb4
cpu MHz		: 2866.783
cache size	: 6144 KB
physical id	: 0
siblings	: 8
core id		: 0
cpu cores	: 4
apicid		: 1
initial apicid	: 1
fpu		: yes
fpu_exception	: yes
cpuid level	: 22
wp		: yes
flags		: fpu vme de pse tsc msr pae mce cx8 apic sep mtrr pge mca cmov pat pse36 clflush dts acpi mmx fxsr sse sse2 ss ht tm pbe syscall nx pdpe1gb rdtscp lm constant_tsc art arch_perfmon pebs bts rep_good nopl xtopology nonstop_tsc cpuid aperfmperf tsc_known_freq pni pclmulqdq dtes64 monitor ds_cpl vmx est tm2 ssse3 sdbg fma cx16 xtpr pdcm pcid sse4_1 sse4_2 x2apic movbe popcnt tsc_deadline_timer aes xsave avx f16c rdrand lahf_lm abm 3dnowprefetch cpuid_fault epb invpcid_single pti ssbd ibrs ibpb stibp tpr_shadow vnmi flexpriority ept vpid fsgsbase tsc_adjust bmi1 avx2 smep bmi2 erms invpcid mpx rdseed adx smap clflushopt intel_pt xsaveopt xsavec xgetbv1 xsaves dtherm ida arat pln pts hwp hwp_notify hwp_act_window hwp_epp md_clear flush_l1d
bugs		: cpu_meltdown spectre_v1 spectre_v2 spec_store_bypass l1tf mds
bogomips	: 3600.00
clflush size	: 64
cache_alignment	: 64
address sizes	: 39 bits physical, 48 bits virtual
power management:

processor	: 5
vendor_id	: GenuineIntel
cpu family	: 6
model		: 142
model name	: Intel(R) Core(TM) i5-8250U CPU @ 1.60GHz
stepping	: 10
microcode	: 0xb4
cpu MHz		: 2868.070
cache size	: 6144 KB
physical id	: 0
siblings	: 8
core id		: 1
cpu cores	: 4
apicid		: 3
initial apicid	: 3
fpu		: yes
fpu_exception	: yes
cpuid level	: 22
wp		: yes
flags		: fpu vme de pse tsc msr pae mce cx8 apic sep mtrr pge mca cmov pat pse36 clflush dts acpi mmx fxsr sse sse2 ss ht tm pbe syscall nx pdpe1gb rdtscp lm constant_tsc art arch_perfmon pebs bts rep_good nopl xtopology nonstop_tsc cpuid aperfmperf tsc_known_freq pni pclmulqdq dtes64 monitor ds_cpl vmx est tm2 ssse3 sdbg fma cx16 xtpr pdcm pcid sse4_1 sse4_2 x2apic movbe popcnt tsc_deadline_timer aes xsave avx f16c rdrand lahf_lm abm 3dnowprefetch cpuid_fault epb invpcid_single pti ssbd ibrs ibpb stibp tpr_shadow vnmi flexpriority ept vpid fsgsbase tsc_adjust bmi1 avx2 smep bmi2 erms invpcid mpx rdseed adx smap clflushopt intel_pt xsaveopt xsavec xgetbv1 xsaves dtherm ida arat pln pts hwp hwp_notify hwp_act_window hwp_epp md_clear flush_l1d
bugs		: cpu_meltdown spectre_v1 spectre_v2 spec_store_bypass l1tf mds
bogomips	: 3600.00
clflush size	: 64
cache_alignment	: 64
address sizes	: 39 bits physical, 48 bits virtual
power management:

processor	: 6
vendor_id	: GenuineIntel
cpu family	: 6
model		: 142
model name	: Intel(R) Core(TM) i5-8250U CPU @ 1.60GHz
stepping	: 10
microcode	: 0xb4
cpu MHz		: 2855.014
cache size	: 6144 KB
physical id	: 0
siblings	: 8
core id		: 2
cpu cores	: 4
apicid		: 5
initial apicid	: 5
fpu		: yes
fpu_exception	: yes
cpuid level	: 22
wp		: yes
flags		: fpu vme de pse tsc msr pae mce cx8 apic sep mtrr pge mca cmov pat pse36 clflush dts acpi mmx fxsr sse sse2 ss ht tm pbe syscall nx pdpe1gb rdtscp lm constant_tsc art arch_perfmon pebs bts rep_good nopl xtopology nonstop_tsc cpuid aperfmperf tsc_known_freq pni pclmulqdq dtes64 monitor ds_cpl vmx est tm2 ssse3 sdbg fma cx16 xtpr pdcm pcid sse4_1 sse4_2 x2apic movbe popcnt tsc_deadline_timer aes xsave avx f16c rdrand lahf_lm abm 3dnowprefetch cpuid_fault epb invpcid_single pti ssbd ibrs ibpb stibp tpr_shadow vnmi flexpriority ept vpid fsgsbase tsc_adjust bmi1 avx2 smep bmi2 erms invpcid mpx rdseed adx smap clflushopt intel_pt xsaveopt xsavec xgetbv1 xsaves dtherm ida arat pln pts hwp hwp_notify hwp_act_window hwp_epp md_clear flush_l1d
bugs		: cpu_meltdown spectre_v1 spectre_v2 spec_store_bypass l1tf mds
bogomips	: 3600.00
clflush size	: 64
cache_alignment	: 64
address sizes	: 39 bits physical, 48 bits virtual
power management:

processor	: 7
vendor_id	: GenuineIntel
cpu family	: 6
model		: 142
model name	: Intel(R) Core(TM) i5-8250U CPU @ 1.60GHz
stepping	: 10
microcode	: 0xb4
cpu MHz		: 2861.480
cache size	: 6144 KB
physical id	: 0
siblings	: 8
core id		: 3
cpu cores	: 4
apicid		: 7
initial apicid	: 7
fpu		: yes
fpu_exception	: yes
cpuid level	: 22
wp		: yes
flags		: fpu vme de pse tsc msr pae mce cx8 apic sep mtrr pge mca cmov pat pse36 clflush dts acpi mmx fxsr sse sse2 ss ht tm pbe syscall nx pdpe1gb rdtscp lm constant_tsc art arch_perfmon pebs bts rep_good nopl xtopology nonstop_tsc cpuid aperfmperf tsc_known_freq pni pclmulqdq dtes64 monitor ds_cpl vmx est tm2 ssse3 sdbg fma cx16 xtpr pdcm pcid sse4_1 sse4_2 x2apic movbe popcnt tsc_deadline_timer aes xsave avx f16c rdrand lahf_lm abm 3dnowprefetch cpuid_fault epb invpcid_single pti ssbd ibrs ibpb stibp tpr_shadow vnmi flexpriority ept vpid fsgsbase tsc_adjust bmi1 avx2 smep bmi2 erms invpcid mpx rdseed adx smap clflushopt intel_pt xsaveopt xsavec xgetbv1 xsaves dtherm ida arat pln pts hwp hwp_notify hwp_act_window hwp_epp md_clear flush_l1d
bugs		: cpu_meltdown spectre_v1 spectre_v2 spec_store_bypass l1tf mds
bogomips	: 3600.00
clflush size	: 64
cache_alignment	: 64
address sizes	: 39 bits physical, 48 bits virtual
power management:



Memory: 4k page, physical 7920816k(105676k free), swap 2097148k(0k free)

vm_info: OpenJDK 64-Bit Server VM (25.152-b16-5323222) for linux-amd64 JRE (1.8.0_152-release-1343-b16-5323222), built by "android-build" with gcc 4.8

time: Wed Jun 26 18:11:53 2019
elapsed time: 9 seconds (0d 0h 0m 9s)

